<?xml version="1.0" encoding="UTF-8"?>
<!-- Generated by org.testng.reporters.JUnitXMLReporter -->
<testsuite hostname="user-PC" ignored="0" name="Test" tests="3" failures="0" timestamp="08 Jun 2018 07:24:51 GMT" time="76.507" errors="0">
  <testcase name="Verify_HomePageTitle_Test" time="0.023" classname="com.crm.qa.Test.HomepageTest"/>
  <testcase name="verify_Contactslabel_contactpageTest" time="3.078" classname="com.crm.qa.Test.ContactpageTest"/>
  <testcase name="Verify_loginTest" time="11.529" classname="com.crm.qa.Test.LoginpageTest"/>
</testsuite> <!-- Test -->
