<?xml version="1.0" encoding="UTF-8"?>
<!-- Generated by org.testng.reporters.JUnitXMLReporter -->
<testsuite hostname="user-PC" ignored="0" name="Free Crm Test" tests="4" failures="0" timestamp="08 Jun 2018 08:12:57 GMT" time="81.763" errors="0">
  <testcase name="Verify_loginTest" time="10.473" classname="com.crm.qa.Test.LoginpageTest"/>
  <testcase name="Verify_HomePageTitle_Test" time="0.013" classname="com.crm.qa.Test.HomepageTest"/>
  <testcase name="verify_Contactslabel_contactpageTest" time="3.059" classname="com.crm.qa.Test.ContactpageTest"/>
  <testcase name="Verify_Loginpage_titleTest" time="0.029" classname="com.crm.qa.Test.LoginpageTest"/>
</testsuite> <!-- Free Crm Test -->
